Watching for file changes with StatReloader
Invalid HTTP_HOST header: 'witham.nomai.internal:8000'. You may need to add 'witham.nomai.internal' to ALLOWED_HOSTS.
Traceback (most recent call last):
  File "/home/jon/Projects/philo-news/.venv/lib/python3.14/site-packages/django/core/handlers/exception.py", line 55, in inner
    response = get_response(request)
  File "/home/jon/Projects/philo-news/.venv/lib/python3.14/site-packages/django/utils/deprecation.py", line 308, in __call__
    response = self.process_request(request)
  File "/home/jon/Projects/philo-news/.venv/lib/python3.14/site-packages/django/middleware/common.py", line 48, in process_request
    host = request.get_host()
  File "/home/jon/Projects/philo-news/.venv/lib/python3.14/site-packages/django/http/request.py", line 205, in get_host
    raise DisallowedHost(msg)
django.core.exceptions.DisallowedHost: Invalid HTTP_HOST header: 'witham.nomai.internal:8000'. You may need to add 'witham.nomai.internal' to ALLOWED_HOSTS.
[26/Jan/2026 18:06:08] "GET / HTTP/1.1" 400 71520
Invalid HTTP_HOST header: 'witham.nomai.internal:8000'. You may need to add 'witham.nomai.internal' to ALLOWED_HOSTS.
Traceback (most recent call last):
  File "/home/jon/Projects/philo-news/.venv/lib/python3.14/site-packages/django/core/handlers/exception.py", line 55, in inner
    response = get_response(request)
  File "/home/jon/Projects/philo-news/.venv/lib/python3.14/site-packages/django/utils/deprecation.py", line 308, in __call__
    response = self.process_request(request)
  File "/home/jon/Projects/philo-news/.venv/lib/python3.14/site-packages/django/middleware/common.py", line 48, in process_request
    host = request.get_host()
  File "/home/jon/Projects/philo-news/.venv/lib/python3.14/site-packages/django/http/request.py", line 205, in get_host
    raise DisallowedHost(msg)
django.core.exceptions.DisallowedHost: Invalid HTTP_HOST header: 'witham.nomai.internal:8000'. You may need to add 'witham.nomai.internal' to ALLOWED_HOSTS.
[26/Jan/2026 18:06:08] "GET /favicon.ico HTTP/1.1" 400 71356
/home/jon/Projects/philo-news/philonet/settings.py changed, reloading.
Performing system checks...

System check identified no issues (0 silenced).
January 26, 2026 - 18:05:55
Django version 6.0.1, using settings 'philonet.settings'
Starting development server at http://0.0.0.0:8000/
Quit the server with CONTROL-C.

WARNING: This is a development server. Do not use it in a production setting. Use a production WSGI or ASGI server instead.
For more information on production servers see: https://docs.djangoproject.com/en/6.0/howto/deployment/
Watching for file changes with StatReloader
[26/Jan/2026 18:06:29] "GET / HTTP/1.1" 200 1152
[26/Jan/2026 18:06:29] "GET /static/css/hn.css HTTP/1.1" 200 2420
Not Found: /favicon.ico
[26/Jan/2026 18:06:29] "GET /favicon.ico HTTP/1.1" 404 3624
[26/Jan/2026 18:06:37] "GET /signup/ HTTP/1.1" 200 2146
[26/Jan/2026 18:08:12] "GET / HTTP/1.1" 200 1164
[26/Jan/2026 18:08:12] "GET /static/css/hn.css HTTP/1.1" 304 0
/home/jon/Projects/philo-news/questions/models.py changed, reloading.
Performing system checks...

System check identified no issues (0 silenced).
January 26, 2026 - 18:06:22
Django version 6.0.1, using settings 'philonet.settings'
Starting development server at http://0.0.0.0:8000/
Quit the server with CONTROL-C.

WARNING: This is a development server. Do not use it in a production setting. Use a production WSGI or ASGI server instead.
For more information on production servers see: https://docs.djangoproject.com/en/6.0/howto/deployment/
Watching for file changes with StatReloader
/home/jon/Projects/philo-news/questions/admin.py changed, reloading.
Performing system checks...

System check identified no issues (0 silenced).
January 26, 2026 - 18:08:28
Django version 6.0.1, using settings 'philonet.settings'
Starting development server at http://0.0.0.0:8000/
Quit the server with CONTROL-C.

WARNING: This is a development server. Do not use it in a production setting. Use a production WSGI or ASGI server instead.
For more information on production servers see: https://docs.djangoproject.com/en/6.0/howto/deployment/
Watching for file changes with StatReloader
/home/jon/Projects/philo-news/questions/views.py changed, reloading.
Performing system checks...

System check identified no issues (0 silenced).
January 26, 2026 - 18:08:33
Django version 6.0.1, using settings 'philonet.settings'
Starting development server at http://0.0.0.0:8000/
Quit the server with CONTROL-C.

WARNING: This is a development server. Do not use it in a production setting. Use a production WSGI or ASGI server instead.
For more information on production servers see: https://docs.djangoproject.com/en/6.0/howto/deployment/
Watching for file changes with StatReloader
